superiotool r24.02-410-g86b145ad3e
Probing for ALi Super I/O at 0x3f0...
  Failed. Returned data: id=0xffff, rev=0xff
Probing for ALi Super I/O at 0x370...
  Failed. Returned data: id=0xffff, rev=0xff
Probing for Aspeed Super I/O at 0x2e...
  Failed. Returned data: scratch registers all read as 0xff
Probing for Aspeed Super I/O at 0x4e...
  Failed. Returned data: scratch registers all read as 0xff
Probing for Exar Super I/O at 0x2e...
  Failed. Returned data: vid=0xffff, id=0xffff
Probing for Exar Super I/O at 0x4e...
  Failed. Returned data: vid=0xffff, id=0xffff
Probing for Fintek Super I/O at 0x2e...
  Failed. Returned data: vid=0xffff, id=0xffff
Probing for Fintek Super I/O at 0x4e...
  Failed. Returned data: vid=0xffff, id=0xffff
Probing for Fintek Super I/O at 0x2e...
  Failed. Returned data: vid=0xffff, id=0xffff
Probing for Fintek Super I/O at 0x4e...
  Failed. Returned data: vid=0xffff, id=0xffff
Probing for ITE Super I/O (init=standard) at 0x20e...
  Failed. Returned data: id=0xffff, rev=0xf
Probing for ITE Super I/O (init=it8502e) at 0x20e...
  Failed. Returned data: id=0xffff, rev=0xf
Probing for ITE Super I/O (init=it8761e) at 0x20e...
  Failed. Returned data: id=0xffff, rev=0xf
Probing for ITE Super I/O (init=it8228e) at 0x20e...
  Failed. Returned data: id=0xffff, rev=0xf
Probing for ITE Super I/O (init=it8987e) at 0x20e...
  Failed. Returned data: id=0xffff, rev=0xf
Probing for ITE Super I/O (init=0x87,0x87) at 0x20e...
  Failed. Returned data: id=0xffff, rev=0xf
Probing for ITE Super I/O (init=standard) at 0x25e...
  Failed. Returned data: id=0xffff, rev=0xf
Probing for ITE Super I/O (init=it8502e) at 0x25e...
  Failed. Returned data: id=0xffff, rev=0xf
Probing for ITE Super I/O (init=it8761e) at 0x25e...
  Failed. Returned data: id=0xffff, rev=0xf
Probing for ITE Super I/O (init=it8228e) at 0x25e...
  Failed. Returned data: id=0xffff, rev=0xf
Probing for ITE Super I/O (init=it8987e) at 0x25e...
  Failed. Returned data: id=0xffff, rev=0xf
Probing for ITE Super I/O (init=0x87,0x87) at 0x25e...
  Failed. Returned data: id=0xffff, rev=0xf
Probing for ITE Super I/O (init=standard) at 0x2e...
Found ITE IT8613E (id=0x8613, rev=0x7) at 0x2e
Register dump:
idx 20 21 22 23 24 2b
val 86 13 07 49 00 48
def 86 13 05 40 00 48
LDN 0x01 (COM1)
idx 30 60 61 70 f0
val 01 03 f8 04 00
def 00 03 f8 04 00
LDN 0x04 (Environment controller)
idx 30 60 61 62 63 70 f0 f1  f2 f3 f4 f5 f6 fa fb fc
val 01 0a 30 0a 20 00 00 00  00 00 e0 00 f0 32 10 00
def 00 02 90 02 30 09 00 00  00 00 00 NA NA 00 00 00
LDN 0x05 (Keyboard)
idx 30 60 61 62 63 70 71 f0
val 01 00 60 00 64 01 02 48
def 01 00 60 00 64 01 02 48
LDN 0x06 (Mouse)
idx 30 70 71 f0
val 01 0c 02 00
def 00 0c 02 00
LDN 0x07 (GPIO)
idx 25 26 27 28 29 2a 2c 2d  60 61 62 63 70 71 72 73  74 b0 b1 b2 b3 b4 b8 ba  bb bc bd c0 c1 c2 c3 c4  c8 c9 ca cb cc cd da db  e0 e1 e2 e3 e4 ec f0 f1  f2 f3 f4 f5 f6 f7 f8 f9  fa fb
val 00 0a 00 00 00 00 41 00  0a 10 0a 00 00 09 20 38  00 00 00 00 00 00 00 00  00 c0 03 01 00 00 40 00  01 00 00 00 00 00 30 44  00 00 00 00 00 00 00 00  00 00 00 00 0e 00 00 00  13 01
def 00 f3 00 00 00 01 01 00  00 00 00 00 00 00 20 38  00 00 00 00 00 00 00 00  00 00 00 01 00 00 40 00  01 00 00 00 00 00 00 00  00 00 00 00 00 00 00 00  NA NA 00 00 0e 00 00 00  00 00
LDN 0x0a (Consumer IR)
idx 30 60 61 70 f0
val 00 03 10 0b 06
def 00 03 10 0b 06
Environment controller (0x0a35)
Register dump:
idx 00 01 02 03 04 05 06 07  08 09 0a 0b 0c 0e 0f 11  12 13 14 16 17 19 1a 1c  1d 1e 1f 20 21 22 24 25  27 28 29 2a 2b 2c 2d 2e  2f 30 31 32 33 34 35 38  39 3a 3b 40 41 42 43 44  45 46 47 50 51 52 53 54  55 56 57 58 59 5a 5b 5c  5d 5e 5f 68 69 6a 6b 6c  6d 6e 70 71 72 73 74 75  76 78 79 7a 7b 7c 7d 7e  80 81 82 83 84 85 86 87  88 89 8a 8b 8c 8d 8e 8f  90 91 98 99 9c 9d 9e 9f  a0 a1 a2 a3 a4 a5 a6 b4  b5 b6 b7 b8 b9
val 1b fb ef 1e ff ff 00 00  00 c0 64 08 30 ff 01 e8  9b 70 d7 98 98 ff 01 62  9a 90 90 09 6b ba a3 b9  97 8b 1a 1a 1a 1d 1a 1a  97 c4 e5 ed ab 3f b8 cb  42 31 ef 2a ae a3 9a 08  06 cc f6 ff f8 7f 7f 7f  40 00 00 90 00 64 12 e0  00 00 00 80 46 7f b4 50  63 0f 80 46 7f b4 50 63  0f 80 46 7f b4 50 63 0f  ff ff ff ff 00 00 00 00  02 30 01 02 01 43 e0 49  00 00 40 00 00 26 00 00  80 46 7f b4 50 63 0f 1a  62 5d 3a 5b 4b
def 18 00 00 00 00 00 00 00  00 c0 44 00 00 MM MM NA  NA 00 40 00 00 MM MM NA  NA 00 00 MM MM MM MM MM  MM MM MM MM MM MM MM MM  MM NA NA NA NA NA NA NA  NA NA NA NA NA NA NA NA  NA NA NA 00 00 7f 7f 7f  40 00 00 90 00 00 12 60  00 00 00 7f 7f 7f 00 00  7f 0f 7f 7f 7f 00 00 7f  0f 7f 7f 7f 00 00 7f 0f  MM MM MM MM NA NA NA NA  00 00 00 00 00 00 00 MM  00 00 00 00 00 NA 00 NA  7f 7f 7f 00 00 7f 0f NA  NA NA NA NA NA
BRAM (0x0000)
Probing for ITE Super I/O (init=standard) at 0x4e...
  Failed. Returned data: id=0xffff, rev=0xf
Probing for ITE Super I/O (init=it8502e) at 0x4e...
  Failed. Returned data: id=0xffff, rev=0xf
Probing for ITE Super I/O (init=it8761e) at 0x4e...
  Failed. Returned data: id=0xffff, rev=0xf
Probing for ITE Super I/O (init=it8228e) at 0x4e...
  Failed. Returned data: id=0xffff, rev=0xf
Probing for ITE Super I/O (init=it8987e) at 0x4e...
  Failed. Returned data: id=0xffff, rev=0xf
Probing for ITE Super I/O (init=0x87,0x87) at 0x4e...
  Failed. Returned data: id=0xffff, rev=0xf
Probing for ITE Super I/O (init=legacy/it8661f) at 0x370...
  Failed. Returned data: id=0xffff, rev=0xf
Probing for ITE Super I/O (init=legacy/it8671f) at 0x370...
  Failed. Returned data: id=0xffff, rev=0xf
Probing for ITE Super I/O (init=standard) at 0x6e...
  Failed. Returned data: id=0xffff, rev=0xf
Probing for ITE Super I/O (init=it8502e) at 0x6e...
  Failed. Returned data: id=0xffff, rev=0xf
Probing for ITE Super I/O (init=it8761e) at 0x6e...
  Failed. Returned data: id=0xffff, rev=0xf
Probing for ITE Super I/O (init=it8228e) at 0x6e...
  Failed. Returned data: id=0xffff, rev=0xf
Probing for ITE Super I/O (init=it8987e) at 0x6e...
  Failed. Returned data: id=0xffff, rev=0xf
Probing for ITE Super I/O (init=0x87,0x87) at 0x6e...
  Failed. Returned data: id=0xffff, rev=0xf
Probing for NSC Super I/O at 0x2e...
  Failed. Returned data: port=0xff, port+1=0xff
Probing for NSC Super I/O at 0x4e...
  Failed. Returned data: port=0xff, port+1=0xff
Probing for NSC Super I/O at 0x15c...
  Failed. Returned data: port=0xff, port+1=0xff
Probing for NSC Super I/O at 0x164e...
  Failed. Returned data: port=0xff, port+1=0xff
Probing for Nuvoton Super I/O at 0x164e...
  Failed. Returned data: chip_id=0xffff
Probing for Nuvoton Super I/O (sid=0xfc) at 0x164e...
  Failed. Returned data: sid=0xff, id=0xffff, rev=0x00
Probing for Nuvoton Super I/O at 0x2e...
  Failed. Returned data: chip_id=0xffff
Probing for Nuvoton Super I/O (sid=0xfc) at 0x2e...
  Failed. Returned data: sid=0xff, id=0xffff, rev=0x00
Probing for Nuvoton Super I/O at 0x4e...
  Failed. Returned data: chip_id=0xffff
Probing for Nuvoton Super I/O (sid=0xfc) at 0x4e...
  Failed. Returned data: sid=0xff, id=0xffff, rev=0x00
Probing for SMSC Super I/O (idregs=0x20/0x21) at 0x2e...
  Failed. Returned data: id=0xff, rev=0xff
Probing for SMSC Super I/O (idregs=0x0d/0x0e) at 0x2e...
  Failed. Returned data: id=0xff, rev=0xff
Probing for SMSC Super I/O (idregs=0x20/0x21) at 0x4e...
  Failed. Returned data: id=0xff, rev=0xff
Probing for SMSC Super I/O (idregs=0x0d/0x0e) at 0x4e...
  Failed. Returned data: id=0xff, rev=0xff
Probing for SMSC Super I/O (idregs=0x20/0x21) at 0x162e...
  Failed. Returned data: id=0xff, rev=0xff
Probing for SMSC Super I/O (idregs=0x0d/0x0e) at 0x162e...
  Failed. Returned data: id=0xff, rev=0xff
Probing for SMSC Super I/O (idregs=0x20/0x21) at 0x164e...
  Failed. Returned data: id=0xff, rev=0xff
Probing for SMSC Super I/O (idregs=0x0d/0x0e) at 0x164e...
  Failed. Returned data: id=0xff, rev=0xff
Probing for SMSC Super I/O (idregs=0x20/0x21) at 0x3f0...
  Failed. Returned data: id=0xff, rev=0xff
Probing for SMSC Super I/O (idregs=0x0d/0x0e) at 0x3f0...
  Failed. Returned data: id=0xff, rev=0xff
Probing for SMSC Super I/O (idregs=0x20/0x21) at 0x370...
  Failed. Returned data: id=0xff, rev=0xff
Probing for SMSC Super I/O (idregs=0x0d/0x0e) at 0x370...
  Failed. Returned data: id=0xff, rev=0xff
Probing for Winbond Super I/O (init=0x88) at 0x2e...
  Failed. Returned data: id/oldid=0xff/0x0f, rev=0xff
Probing for Winbond Super I/O (init=0x89) at 0x2e...
  Failed. Returned data: id/oldid=0xff/0x0f, rev=0xff
Probing for Winbond Super I/O (init=0x86,0x86) at 0x2e...
  Failed. Returned data: id/oldid=0xff/0x0f, rev=0xff
Probing for Winbond Super I/O (init=0x87,0x87) at 0x2e...
  Failed. Returned data: id/oldid=0xff/0x0f, rev=0xff
Probing for Winbond Super I/O (init=0x88) at 0x4e...
  Failed. Returned data: id/oldid=0xff/0x0f, rev=0xff
Probing for Winbond Super I/O (init=0x89) at 0x4e...
  Failed. Returned data: id/oldid=0xff/0x0f, rev=0xff
Probing for Winbond Super I/O (init=0x86,0x86) at 0x4e...
  Failed. Returned data: id/oldid=0xff/0x0f, rev=0xff
Probing for Winbond Super I/O (init=0x87,0x87) at 0x4e...
  Failed. Returned data: id/oldid=0xff/0x0f, rev=0xff
Probing for Winbond Super I/O (init=0x88) at 0x3f0...
  Failed. Returned data: id/oldid=0xff/0x0f, rev=0xff
Probing for Winbond Super I/O (init=0x89) at 0x3f0...
  Failed. Returned data: id/oldid=0xff/0x0f, rev=0xff
Probing for Winbond Super I/O (init=0x86,0x86) at 0x3f0...
  Failed. Returned data: id/oldid=0xff/0x0f, rev=0xff
Probing for Winbond Super I/O (init=0x87,0x87) at 0x3f0...
  Failed. Returned data: id/oldid=0xff/0x0f, rev=0xff
Probing for Winbond Super I/O (init=0x88) at 0x370...
  Failed. Returned data: id/oldid=0xff/0x0f, rev=0xff
Probing for Winbond Super I/O (init=0x89) at 0x370...
  Failed. Returned data: id/oldid=0xff/0x0f, rev=0xff
Probing for Winbond Super I/O (init=0x86,0x86) at 0x370...
  Failed. Returned data: id/oldid=0xff/0x0f, rev=0xff
Probing for Winbond Super I/O (init=0x87,0x87) at 0x370...
  Failed. Returned data: id/oldid=0xff/0x0f, rev=0xff
Probing for Winbond Super I/O (init=0x88) at 0x250...
  Failed. Returned data: id/oldid=0xff/0x0f, rev=0xff
Probing for Winbond Super I/O (init=0x89) at 0x250...
  Failed. Returned data: id/oldid=0xff/0x0f, rev=0xff
Probing for Winbond Super I/O (init=0x86,0x86) at 0x250...
  Failed. Returned data: id/oldid=0xff/0x0f, rev=0xff
Probing for Winbond Super I/O (init=0x87,0x87) at 0x250...
  Failed. Returned data: id/oldid=0xff/0x0f, rev=0xff
Probing for VIA Super I/O (init=0x87,0x87) at 0x2e...
  Failed. Returned data: id=0xff, rev=0xff
Probing for VIA Super I/O (init=0x87,0x87) at 0x4e...
  Failed. Returned data: id=0xff, rev=0xff
Probing for VIA Super I/O (init=vt82c686) at 0x3f0...
  PCI device 1106:0686 not found.
Probing for AMD EC Super I/O at 0xaa...
Probing for Server Engines Super I/O at 0x2e...
  Failed. Returned data: id=0xffff, rev=0xff
Probing for Infineon Super I/O at 0x2e...
  Failed. Returned data: id=0xff, rev=0xff
Probing for Infineon Super I/O at 0x4e...
  Failed. Returned data: id=0xff, rev=0xff
